<?xml version="1.0" encoding="UTF-8" standalone="no"?>
<testsuite errors="0" failures="0" name="io.cucumber.core.plugin.JUnitFormatter" skipped="0" tests="3" time="0.751">
    <testcase classname="Final Bill Calculation" name="Customer Bill Amount Calculation" time="0.078">
        <system-out><![CDATA[Given I have a Customer.....................................................passed
And user enters initial bill amount as 100.00...............................passed
And sales tax rate is 1.10 percent..........................................passed
Then final bill amount calculated is 110....................................passed
]]></system-out>
    </testcase>
    <testcase classname="Final Bill Calculation" name="Customer Bill Amount Calculation 2" time="0.006">
        <system-out><![CDATA[Given I have a Customer.....................................................passed
And user enters initial bill amount as 200.00...............................passed
And sales tax rate is 1.08 percent..........................................passed
Then final bill amount calculated is 216....................................passed
]]></system-out>
    </testcase>
    <testcase classname="Final Bill Calculation" name="Customer Bill Amount Calculation 3" time="0">
        <system-out><![CDATA[Given I have a Customer.....................................................passed
And user enters initial bill amount as 100.00...............................passed
And sales tax rate is 1.0155 percent........................................passed
Then final bill amount calculated is 101.55.................................passed
]]></system-out>
    </testcase>
</testsuite>
